huffman_coding 1024 23
I          1         0
I          4         1
I         12         2
I          8         3
I          6         4
I         12         5
I          9         6
I         11         7
I         10         8
I          1         9
I          7        10
I          4        11
I          5        12
I          4        13
I          6        14
I         10        15
I          5        16
I          8        17
I          9        18
I          2        19
I         10        20
I          1        21
I         11        22
I         12        23
I          3        24
I          2        25
I          3        26
I          6        27
I         11        28
I          5        29
I          6        30
I         11        31
I         11        32
I          6        33
I          6        34
I         10        35
I          4        36
I          9        37
I         10        38
I          2        39
I          1        40
I          8        41
I          9        42
I          2        43
I          6        44
I          1        45
I          8        46
I         10        47
I         12        48
I          6        49
I          2        50
I          2        51
I         11        52
I          7        53
I          9        54
I          8        55
I         12        56
I         10        57
I         11        58
I          8        59
I          4        60
I          7        61
I          2        62
I          3        63
I          2        64
I          3        65
I         12        66
I          7        67
I          1        68
I          5        69
I          4        70
I          6        71
I          6        72
I         12        73
I          1        74
I         11        75
I         11        76
I          7        77
I          2        78
I         10        79
I          9        80
I         10        81
I          1        82
I          3        83
I          3        84
I          1        85
I         10        86
I          6        87
I         10        88
I         11        89
I         12        90
I          2        91
I          5        92
I          3        93
I         10        94
I         12        95
I          6        96
I          2        97
I          6        98
I         11        99
I          5       100
I          3       101
I         10       102
I          8       103
I          7       104
I         12       105
I          2       106
I          4       107
I         12       108
I          6       109
I          1       110
I         12       111
I         12       112
I          3       113
I          7       114
I          3       115
I          1       116
I          9       117
I          9       118
I         11       119
I          3       120
I          6       121
I         12       122
I          2       123
I         10       124
I          8       125
I          6       126
I          2       127
I          8       128
I          1       129
I          6       130
I          5       131
I          5       132
I         11       133
I          6       134
I         10       135
I          5       136
I          5       137
I          4       138
I          2       139
I          8       140
I          2       141
I         11       142
I          7       143
I         12       144
I          7       145
I          9       146
I          7       147
I          4       148
I          2       149
I         10       150
I         10       151
I          4       152
I          8       153
I          2       154
I         10       155
I          7       156
I          6       157
I          9       158
I          1       159
I          4       160
I          8       161
I          6       162
I          6       163
I         11       164
I          1       165
I         10       166
I          1       167
I          4       168
I          6       169
I          7       170
I         11       171
I          8       172
I          6       173
I         12       174
I          8       175
I          6       176
I          7       177
I          7       178
I          3       179
I          2       180
I          4       181
I          4       182
I          1       183
I         11       184
I          2       185
I          3       186
I          7       187
I          7       188
I          8       189
I          3       190
I          2       191
I          4       192
I          9       193
I          9       194
I          8       195
I          8       196
I         12       197
I          3       198
I         11       199
I         11       200
I          7       201
I          3       202
I          8       203
I          3       204
I          2       205
I          1       206
I         12       207
I          1       208
I         11       209
I          6       210
I          7       211
I          5       212
I          4       213
I          1       214
I          8       215
I         10       216
I          6       217
I          1       218
I          8       219
I          1       220
I          5       221
I          5       222
I          4       223
I          2       224
I          5       225
I          5       226
I         11       227
I          9       228
I         11       229
I          2       230
I          4       231
I          4       232
I          5       233
I          2       234
I          6       235
I         12       236
I          5       237
I          2       238
I          4       239
I          2       240
I          7       241
I          2       242
I          2       243
I         10       244
I          1       245
I          2       246
I          3       247
I          1       248
I         12       249
I          4       250
I         10       251
I          1       252
I          7       253
I          1       254
I          2       255
I          3       256
I         12       257
I          7       258
I         11       259
I         11       260
I         12       261
I          1       262
I          7       263
I         10       264
I          4       265
I         10       266
I          3       267
I          8       268
I         10       269
I         10       270
I          2       271
I          8       272
I          8       273
I         10       274
I          9       275
I          3       276
I          7       277
I          9       278
I         10       279
I          9       280
I         12       281
I         10       282
I          1       283
I          6       284
I          2       285
I          4       286
I          2       287
I          5       288
I          4       289
I          7       290
I          7       291
I         11       292
I          6       293
I         10       294
I          6       295
I         10       296
I          9       297
I         10       298
I          2       299
I          9       300
I          2       301
I          9       302
I          2       303
I          5       304
I         11       305
I          9       306
I          5       307
I          6       308
I          8       309
I          7       310
I         11       311
I          6       312
I          3       313
I          2       314
I          1       315
I          4       316
I          4       317
I         12       318
I          5       319
I          3       320
I          7       321
I          4       322
I          3       323
I          8       324
I         10       325
I          9       326
I          8       327
I         12       328
I         10       329
I         12       330
I          3       331
I          3       332
I          3       333
I          8       334
I          8       335
I          3       336
I          5       337
I         10       338
I         12       339
I          5       340
I         10       341
I          1       342
I          3       343
I          8       344
I          2       345
I         12       346
I          4       347
I          6       348
I         10       349
I         11       350
I          8       351
I          3       352
I          3       353
I          2       354
I          1       355
I          6       356
I          7       357
I         12       358
I         12       359
I         11       360
I          7       361
I          1       362
I         12       363
I          6       364
I          6       365
I          5       366
I         12       367
I         12       368
I          6       369
I          3       370
I         10       371
I         10       372
I          4       373
I          5       374
I          1       375
I          1       376
I          9       377
I         10       378
I          2       379
I          6       380
I         10       381
I          2       382
I         12       383
I          4       384
I          5       385
I          3       386
I          4       387
I          3       388
I          8       389
I          9       390
I          9       391
I         12       392
I          1       393
I         11       394
I          8       395
I          6       396
I          3       397
I          2       398
I          1       399
I          8       400
I          4       401
I          8       402
I          5       403
I         12       404
I          5       405
I          7       406
I          9       407
I          1       408
I          7       409
I          2       410
I          5       411
I          6       412
I          6       413
I         12       414
I          7       415
I          3       416
I         11       417
I          8       418
I          5       419
I          1       420
I         10       421
I          1       422
I          8       423
I          5       424
I         11       425
I         12       426
I          5       427
I          3       428
I          3       429
I         10       430
I          2       431
I          6       432
I          7       433
I          9       434
I         12       435
I          5       436
I          4       437
I          9       438
I          5       439
I          3       440
I         10       441
I          3       442
I          5       443
I          8       444
I         11       445
I          7       446
I          1       447
I          4       448
I         11       449
I          2       450
I          4       451
I          7       452
I         12       453
I         12       454
I         10       455
I         11       456
I         10       457
I          2       458
I          6       459
I         12       460
I          4       461
I          6       462
I          4       463
I          2       464
I         11       465
I          9       466
I          6       467
I          9       468
I          1       469
I         10       470
I          8       471
I          8       472
I          8       473
I          1       474
I          8       475
I          9       476
I          2       477
I          6       478
I          3       479
I          7       480
I         10       481
I          2       482
I          8       483
I         12       484
I          9       485
I         11       486
I          1       487
I          4       488
I          7       489
I         11       490
I          4       491
I         11       492
I          3       493
I         12       494
I          2       495
I          9       496
I          2       497
I         10       498
I          3       499
I         11       500
I          9       501
I          3       502
I          8       503
I          2       504
I          7       505
I          3       506
I          5       507
I         10       508
I          3       509
I          5       510
I          8       511
I          7       512
I         11       513
I         12       514
I          6       515
I          7       516
I          2       517
I          9       518
I         12       519
I          3       520
I          6       521
I          6       522
I          2       523
I         10       524
I         11       525
I          9       526
I          5       527
I         10       528
I          2       529
I         12       530
I         12       531
I          1       532
I          5       533
I         11       534
I          3       535
I          5       536
I          6       537
I          9       538
I          1       539
I          6       540
I          3       541
I          9       542
I          8       543
I         10       544
I          5       545
I          7       546
I          1       547
I          6       548
I          4       549
I          8       550
I         12       551
I         12       552
I          9       553
I         11       554
I          8       555
I          1       556
I          1       557
I          8       558
I         12       559
I          3       560
I          7       561
I          8       562
I          7       563
I         12       564
I         10       565
I          7       566
I          9       567
I          4       568
I         10       569
I          5       570
I          2       571
I          7       572
I          8       573
I          1       574
I         11       575
I          6       576
I          5       577
I         10       578
I          2       579
I          3       580
I          3       581
I          2       582
I          2       583
I          2       584
I          6       585
I          5       586
I          8       587
I          5       588
I          2       589
I          1       590
I          1       591
I          9       592
I          2       593
I         10       594
I          4       595
I         11       596
I          5       597
I          2       598
I         10       599
I         12       600
I          9       601
I          3       602
I          2       603
I          6       604
I          6       605
I          8       606
I          8       607
I         12       608
I         11       609
I          8       610
I          5       611
I          2       612
I          4       613
I          8       614
I          6       615
I          2       616
I          6       617
I          6       618
I          8       619
I          7       620
I         12       621
I          6       622
I          8       623
I          3       624
I          8       625
I          8       626
I          7       627
I         11       628
I          5       629
I          8       630
I         11       631
I          5       632
I          2       633
I          9       634
I         10       635
I         11       636
I         10       637
I          4       638
I          1       639
I          4       640
I          6       641
I          6       642
I          9       643
I         11       644
I          7       645
I          6       646
I          5       647
I         12       648
I          4       649
I          2       650
I          1       651
I          3       652
I          2       653
I          3       654
I         12       655
I          4       656
I          8       657
I          7       658
I         10       659
I          5       660
I          1       661
I          1       662
I          2       663
I         12       664
I          5       665
I         11       666
I         11       667
I         10       668
I          4       669
I          2       670
I          3       671
I          8       672
I         11       673
I          7       674
I         11       675
I          5       676
I         12       677
I          4       678
I          2       679
I         12       680
I          6       681
I          6       682
I          3       683
I          2       684
I         10       685
I          2       686
I          5       687
I          8       688
I          3       689
I         12       690
I         10       691
I          1       692
I          6       693
I         10       694
I          1       695
I          6       696
I          5       697
I         12       698
I          6       699
I          6       700
I          9       701
I          4       702
I          4       703
I          8       704
I          1       705
I          4       706
I          8       707
I          6       708
I         10       709
I         10       710
I          3       711
I          1       712
I          8       713
I          6       714
I          9       715
I          3       716
I         12       717
I          7       718
I          2       719
I          2       720
I          9       721
I          4       722
I          7       723
I          6       724
I          3       725
I         11       726
I          6       727
I          9       728
I          1       729
I          2       730
I          1       731
I          5       732
I          1       733
I          1       734
I          5       735
I          2       736
I          7       737
I          6       738
I          4       739
I          3       740
I          7       741
I          6       742
I          6       743
I         11       744
I          4       745
I          9       746
I          5       747
I          4       748
I          6       749
I          5       750
I          6       751
I          2       752
I          1       753
I         11       754
I          9       755
I          8       756
I         10       757
I          8       758
I          4       759
I          5       760
I          6       761
I          8       762
I          9       763
I         12       764
I          1       765
I          2       766
I         11       767
I          5       768
I          9       769
I          3       770
I         12       771
I          2       772
I          6       773
I         11       774
I          4       775
I          7       776
I          2       777
I          6       778
I         11       779
I          4       780
I          9       781
I          2       782
I          5       783
I          7       784
I          3       785
I          3       786
I         10       787
I          4       788
I         12       789
I          8       790
I         11       791
I          8       792
I          4       793
I         11       794
I          8       795
I         11       796
I          6       797
I         12       798
I          1       799
I          6       800
I          7       801
I          6       802
I         11       803
I          2       804
I          1       805
I          6       806
I          2       807
I         12       808
I          4       809
I          4       810
I          1       811
I          9       812
I          3       813
I          5       814
I         11       815
I          2       816
I          3       817
I          6       818
I          8       819
I         11       820
I          8       821
I         10       822
I          3       823
I          3       824
I          8       825
I         12       826
I          2       827
I         12       828
I          9       829
I          8       830
I         12       831
I          6       832
I          4       833
I          3       834
I          1       835
I         10       836
I          1       837
I          5       838
I          9       839
I          2       840
I          6       841
I          3       842
I          1       843
I          9       844
I          6       845
I          2       846
I         11       847
I          8       848
I          5       849
I          7       850
I          6       851
I          9       852
I          4       853
I          2       854
I          5       855
I          4       856
I          3       857
I          3       858
I          2       859
I          3       860
I         12       861
I          8       862
I          6       863
I         11       864
I          4       865
I          7       866
I          3       867
I         12       868
I          9       869
I          1       870
I          4       871
I          7       872
I          9       873
I          7       874
I          3       875
I          2       876
I          6       877
I          5       878
I         10       879
I          1       880
I         11       881
I          3       882
I         12       883
I          5       884
I          6       885
I          4       886
I          9       887
I          4       888
I          6       889
I          7       890
I          2       891
I          4       892
I          7       893
I         11       894
I          4       895
I          7       896
I          1       897
I          7       898
I          5       899
I          6       900
I          4       901
I         10       902
I          7       903
I          3       904
I         10       905
I          4       906
I          8       907
I          3       908
I          7       909
I          8       910
I          2       911
I          2       912
I          2       913
I          9       914
I          3       915
I         12       916
I          9       917
I         11       918
I          3       919
I          2       920
I         10       921
I          2       922
I          8       923
I         11       924
I         10       925
I          5       926
I          4       927
I          8       928
I          9       929
I         12       930
I          7       931
I         11       932
I          4       933
I          8       934
I          7       935
I          3       936
I         12       937
I         12       938
I         10       939
I          4       940
I          1       941
I          5       942
I          2       943
I          5       944
I          1       945
I          1       946
I          3       947
I         12       948
I          2       949
I         11       950
I         11       951
I          3       952
I          3       953
I          9       954
I          6       955
I          8       956
I          3       957
I          9       958
I          6       959
I          6       960
I         12       961
I          9       962
I         10       963
I          6       964
I          1       965
I          1       966
I         12       967
I         12       968
I          2       969
I         11       970
I          3       971
I          2       972
I          2       973
I         12       974
I         11       975
I          5       976
I          9       977
I          3       978
I          7       979
I          6       980
I          6       981
I          7       982
I          5       983
I          3       984
I         12       985
I          2       986
I          4       987
I         11       988
I          4       989
I          2       990
I          9       991
I         11       992
I         11       993
I          9       994
I          6       995
I          6       996
I          5       997
I          1       998
I          2       999
I          8      1000
I          5      1001
I          6      1002
I          8      1003
I          3      1004
I          8      1005
I          5      1006
I          4      1007
I          6      1008
I          1      1009
I         12      1010
I          4      1011
I          4      1012
I          6      1013
I         10      1014
I          1      1015
I         10      1016
I          1      1017
I          5      1018
I         11      1019
I          1      1020
I          1      1021
I          2      1022
I          1      1023
E
E
I          6      1024
E
E
I          6      1025
E
E
I          1      1026
E
E
I          3      1027
E
E
I          2      1028
E
E
I          5      1029
E
E
I          9      1030
E
E
I          5      1031
E
E
I         12      1032
E
E
I         12      1033
E
E
I          9      1034
E
E
I          9      1035
E
E
I         12      1036
E
E
I         10      1037
E
E
I          3      1038
E
E
I          7      1039
E
E
I         10      1040
E
E
I          1      1041
E
E
I          8      1042
E
E
I          6      1043
E
E
I          3      1044
E
E
I          1      1045
E
E
I          2      1046
E
E
I          8      1047
E
E
I          8      1048
E
E
I          3      1049
E
E
I          7      1050
E
E
I          7      1051
E
E
I          2      1052
E
E
I          5      1053
E
E
I          9      1054
E
E
I          5      1055
E
E
I          9      1056
E
E
I         12      1057
E
E
I          2      1058
E
E
I         12      1059
E
E
I          1      1060
E
E
I          5      1061
E
E
I          8      1062
E
E
I          7      1063
E
E
I          7      1064
E
E
I          2      1065
E
E
I          1      1066
E
E
I          4      1067
E
E
I         10      1068
E
E
I         12      1069
E
E
I          5      1070
E
E
I          1      1071
E
E
I          7      1072
E
E
I          7      1073
E
E
I          1      1074
E
E
I          3      1075
E
E
I          8      1076
E
E
I          3      1077
E
E
I          3      1078
E
E
I          7      1079
E
E
I         11      1080
E
E
I          3      1081
E
E
I         10      1082
E
E
I         10      1083
E
E
I          8      1084
E
E
I          6      1085
E
E
I          9      1086
E
E
I          9      1087
E
E
I          2      1088
E
E
I          5      1089
E
E
I          3      1090
E
E
I          5      1091
E
E
I         11      1092
E
E
I          7      1093
E
E
I          8      1094
E
E
I         11      1095
E
E
I          2      1096
E
E
I          6      1097
E
E
I          5      1098
E
E
I         12      1099
E
E
I          6      1100
E
E
I          6      1101
E
E
I         12      1102
E
E
I          4      1103
E
E
I          9      1104
E
E
I         10      1105
E
E
I          9      1106
E
E
I          4      1107
E
E
I          6      1108
E
E
I         11      1109
E
E
I          5      1110
E
E
I          6      1111
E
E
I          5      1112
E
E
I          7      1113
E
E
I          5      1114
E
E
I          3      1115
E
E
I          3      1116
E
E
I          5      1117
E
E
I          1      1118
E
E
I         11      1119
E
E
I          3      1120
E
E
I          3      1121
E
E
I          9      1122
E
E
I          1      1123
E
E
I          2      1124
E
E
I          8      1125
E
E
I          9      1126
E
E
I         11      1127
E
E
I          8      1128
E
E
I          2      1129
E
E
I         10      1130
E
E
I         12      1131
E
E
I          9      1132
E
E
I          2      1133
E
E
I          3      1134
E
E
I          2      1135
E
E
I         11      1136
E
E
I         11      1137
E
E
I         10      1138
E
E
I          3      1139
E
E
I          2      1140
E
E
I          9      1141
E
E
I         12      1142
E
E
I          7      1143
E
E
I          1      1144
E
E
I         12      1145
E
E
I          3      1146
E
E
I          7      1147
E
E
I          4      1148
E
E
I          3      1149
E
E
I          6      1150
E
E
I          7      1151
E
E
I          6      1152
E
E
I         12      1153
E
E
I         10      1154
E
E
I          6      1155
E
E
I          4      1156
E
E
I          2      1157
E
E
I          9      1158
E
E
I         12      1159
E
E
I          8      1160
E
E
I          9      1161
E
E
I         11      1162
E
E
I          7      1163
E
E
I          2      1164
E
E
I          7      1165
E
E
I          6      1166
E
E
I          5      1167
E
E
I          4      1168
E
E
I          2      1169
E
E
I          3      1170
E
E
I          1      1171
E
E
I         12      1172
E
E
I          3      1173
E
E
I         12      1174
E
E
I          4      1175
E
E
I          8      1176
E
E
I          5      1177
E
E
I          4      1178
E
E
I          6      1179
E
E
I         10      1180
E
E
I          3      1181
E
E
I          1      1182
E
E
I          9      1183
E
E
I         12      1184
E
E
I         10      1185
E
E
I          8      1186
E
E
I          8      1187
E
E
I          9      1188
E
E
I          8      1189
E
E
I          8      1190
E
E
I          1      1191
E
E
I          5      1192
E
E
I          5      1193
E
E
I         12      1194
E
E
I          4      1195
E
E
I         12      1196
E
E
I          2      1197
E
E
I         10      1198
E
E
I          6      1199
E
E
I          5      1200
E
E
I          4      1201
E
E
I         12      1202
E
E
I         11      1203
E
E
I          6      1204
E
E
I          8      1205
E
E
I          9      1206
E
E
I          5      1207
E
E
I         11      1208
E
E
I          4      1209
E
E
I          1      1210
E
E
I          2      1211
E
E
I          4      1212
E
E
I          3      1213
E
E
I          5      1214
E
E
I          7      1215
E
E
I          6      1216
E
E
I          4      1217
E
E
I          1      1218
E
E
I          3      1219
E
E
I          6      1220
E
E
I          3      1221
E
E
I         12      1222
E
E
I          5      1223
E
E
I          5      1224
E
E
I          2      1225
E
E
I          9      1226
E
E
I          5      1227
E
E
I          1      1228
E
E
I          2      1229
E
E
I         10      1230
E
E
I          6      1231
E
E
I          1      1232
E
E
I         11      1233
E
E
I          1      1234
E
E
I          4      1235
E
E
I          3      1236
E
E
I         12      1237
E
E
I         11      1238
E
E
I          6      1239
E
E
I          7      1240
E
E
I          6      1241
E
E
I          5      1242
E
E
I          2      1243
E
E
I          2      1244
E
E
I          8      1245
E
E
I          4      1246
E
E
I         12      1247
E
E
I          3      1248
E
E
I          3      1249
E
E
I          2      1250
E
E
I          2      1251
E
E
I         11      1252
E
E
I          5      1253
E
E
I          4      1254
E
E
I          8      1255
E
E
I          1      1256
E
E
I          5      1257
E
E
I          1      1258
E
E
I          7      1259
E
E
I          9      1260
E
E
I          7      1261
E
E
I          1      1262
E
E
I         12      1263
E
E
I          1      1264
E
E
I         12      1265
E
E
I         12      1266
E
E
I         12      1267
E
E
I          5      1268
E
E
I         10      1269
E
E
I          2      1270
E
E
I          5      1271
E
E
I          2      1272
E
E
I          3      1273
E
E
I          8      1274
E
E
I          3      1275
E
E
I          6      1276
E
E
I          7      1277
E
E
I          9      1278
E
E
I          9      1279
E
E
I          9      1280
E
E
I          1      1281
E
E
I          4      1282
E
E
I          6      1283
E
E
I          2      1284
E
E
I          8      1285
E
E
I          6      1286
E
E
I          2      1287
E
E
I          8      1288
E
E
I          6      1289
E
E
I          1      1290
E
E
I          7      1291
E
E
I          4      1292
E
E
I          5      1293
E
E
I          5      1294
E
E
I          6      1295
E
E
I          1      1296
E
E
I          4      1297
E
E
I          9      1298
E
E
I          1      1299
E
E
I          5      1300
E
E
I          2      1301
E
E
I          5      1302
E
E
I          7      1303
E
E
I         11      1304
E
E
I         12      1305
E
E
I          9      1306
E
E
I          2      1307
E
E
I          4      1308
E
E
I         10      1309
E
E
I          2      1310
E
E
I          3      1311
E
E
I          5      1312
E
E
I         12      1313
E
E
I         11      1314
E
E
I          4      1315
E
E
I          3      1316
E
E
I         12      1317
E
E
I          8      1318
E
E
I         12      1319
E
E
I          6      1320
E
E
I          3      1321
E
E
I          8      1322
E
E
I         11      1323
E
E
I          1      1324
E
E
I          5      1325
E
E
I          2      1326
E
E
I          3      1327
E
E
I          9      1328
E
E
I          4      1329
E
E
I          3      1330
E
E
I          7      1331
E
E
I          1      1332
E
E
I         11      1333
E
E
I          2      1334
E
E
I          4      1335
E
E
I         10      1336
E
E
I          5      1337
E
E
I          4      1338
E
E
I         10      1339
E
E
I          4      1340
E
E
I          4      1341
E
E
I          7      1342
E
E
I          7      1343
E
E
I         10      1344
E
E
I          1      1345
E
E
I         12      1346
E
E
I          8      1347
E
E
I          9      1348
E
E
I          8      1349
E
E
I         10      1350
E
E
I          8      1351
E
E
I          6      1352
E
E
I          4      1353
E
E
I          4      1354
E
E
I          7      1355
E
E
I          3      1356
E
E
I          5      1357
E
E
I          5      1358
E
E
I          5      1359
E
E
I          3      1360
E
E
I          4      1361
E
E
I          4      1362
E
E
I          1      1363
E
E
I          1      1364
E
E
I          3      1365
E
E
I         11      1366
E
E
I          3      1367
E
E
I         12      1368
E
E
I          3      1369
E
E
I         11      1370
E
E
I          1      1371
E
E
I          1      1372
E
E
I          5      1373
E
E
I          7      1374
E
E
I          6      1375
E
E
I          3      1376
E
E
I          9      1377
E
E
I          8      1378
E
E
I          7      1379
E
E
I          7      1380
E
E
I          2      1381
E
E
I          9      1382
E
E
I          6      1383
E
E
I         12      1384
E
E
I          1      1385
E
E
I          4      1386
E
E
I          6      1387
E
E
I          3      1388
E
E
I          1      1389
E
E
I         12      1390
E
E
I         11      1391
E
E
I          2      1392
E
E
I          8      1393
E
E
I          8      1394
E
E
I          8      1395
E
E
I          3      1396
E
E
I         10      1397
E
E
I         11      1398
E
E
I          1      1399
E
E
I          3      1400
E
E
I          5      1401
E
E
I         12      1402
E
E
I          9      1403
E
E
I          3      1404
E
E
I          5      1405
E
E
I         11      1406
E
E
I          3      1407
E
E
I         12      1408
E
E
I          2      1409
E
E
I         12      1410
E
E
I         12      1411
E
E
I         12      1412
E
E
I          7      1413
E
E
I          3      1414
E
E
I          1      1415
E
E
I          6      1416
E
E
I         10      1417
E
E
I          6      1418
E
E
I          8      1419
E
E
I         11      1420
E
E
I         10      1421
E
E
I         12      1422
E
E
I          8      1423
E
E
I         12      1424
E
E
I          3      1425
E
E
I          7      1426
E
E
I         12      1427
E
E
I         12      1428
E
E
I         12      1429
E
E
I          3      1430
E
E
I         11      1431
E
E
I          2      1432
E
E
I          1      1433
E
E
I         11      1434
E
E
I          2      1435
E
E
I          6      1436
E
E
I          4      1437
E
E
I          1      1438
E
E
I          5      1439
E
E
I         10      1440
E
E
I         11      1441
E
E
I          5      1442
E
E
I          2      1443
E
E
I          2      1444
E
E
I          3      1445
E
E
I          5      1446
E
E
I         12      1447
E
E
I          8      1448
E
E
I          6      1449
E
E
I          4      1450
E
E
I         11      1451
E
E
I         12      1452
E
E
I         10      1453
E
E
I          4      1454
E
E
I          1      1455
E
E
I          3      1456
E
E
I          8      1457
E
E
I          1      1458
E
E
I          5      1459
E
E
I          5      1460
E
E
I          1      1461
E
E
I          8      1462
E
E
I         11      1463
E
E
I          3      1464
E
E
I          6      1465
E
E
I          9      1466
E
E
I          7      1467
E
E
I          8      1468
E
E
I          3      1469
E
E
I          3      1470
E
E
I          7      1471
E
E
I          3      1472
E
E
I          6      1473
E
E
I          4      1474
E
E
I          3      1475
E
E
I          3      1476
E
E
I         10      1477
E
E
I          1      1478
E
E
I          5      1479
E
E
I         12      1480
E
E
I          1      1481
E
E
I          2      1482
E
E
I         12      1483
E
E
I          8      1484
E
E
I         12      1485
E
E
I          4      1486
E
E
I          2      1487
E
E
I          8      1488
E
E
I         12      1489
E
E
I         10      1490
E
E
I          7      1491
E
E
I          3      1492
E
E
I          2      1493
E
E
I          6      1494
E
E
I          1      1495
E
E
I         11      1496
E
E
I          1      1497
E
E
I         11      1498
E
E
I          3      1499
E
E
I          9      1500
E
E
I          8      1501
E
E
I         10      1502
E
E
I          2      1503
E
E
I          7      1504
E
E
I          6      1505
E
E
I          2      1506
E
E
I          1      1507
E
E
I          7      1508
E
E
I         12      1509
E
E
I          1      1510
E
E
I          5      1511
E
E
I          6      1512
E
E
I          8      1513
E
E
I         12      1514
E
E
I          8      1515
E
E
I          2      1516
E
E
I          1      1517
E
E
I         12      1518
E
E
I          1      1519
E
E
I          1      1520
E
E
I          7      1521
E
E
I          8      1522
E
E
I          2      1523
E
E
I          9      1524
E
E
I         10      1525
E
E
I          8      1526
E
E
I          3      1527
E
E
I          6      1528
E
E
I          8      1529
E
E
I          8      1530
E
E
I         10      1531
E
E
I          4      1532
E
E
I          4      1533
E
E
I         10      1534
E
E
I          8      1535
E
E
I         12      1536
E
E
I          8      1537
E
E
I          8      1538
E
E
I          7      1539
E
E
I         10      1540
E
E
I          6      1541
E
E
I          6      1542
E
E
I          8      1543
E
E
I          3      1544
E
E
I          7      1545
E
E
I          1      1546
E
E
I          3      1547
E
E
I          4      1548
E
E
I          8      1549
E
E
I          2      1550
E
E
I          4      1551
E
E
I          1      1552
E
E
I         12      1553
E
E
I          6      1554
E
E
I          2      1555
E
E
I          9      1556
E
E
I         10      1557
E
E
I          9      1558
E
E
I         10      1559
E
E
I         12      1560
E
E
I         11      1561
E
E
I         11      1562
E
E
I          9      1563
E
E
I          8      1564
E
E
I          2      1565
E
E
I          4      1566
E
E
I          3      1567
E
E
I          1      1568
E
E
I          3      1569
E
E
I          7      1570
E
E
I          2      1571
E
E
I          6      1572
E
E
I         12      1573
E
E
I          3      1574
E
E
I          2      1575
E
E
I          7      1576
E
E
I         12      1577
E
E
I          4      1578
E
E
I          8      1579
E
E
I          9      1580
E
E
I          3      1581
E
E
I          7      1582
E
E
I          4      1583
E
E
I          4      1584
E
E
I          6      1585
E
E
I          8      1586
E
E
I          8      1587
E
E
I          7      1588
E
E
I          2      1589
E
E
I         11      1590
E
E
I         12      1591
E
E
I          2      1592
E
E
I          4      1593
E
E
I          1      1594
E
E
I         12      1595
E
E
I          5      1596
E
E
I          6      1597
E
E
I          7      1598
E
E
I         11      1599
E
E
I          9      1600
E
E
I          1      1601
E
E
I          3      1602
E
E
I          7      1603
E
E
I          7      1604
E
E
I          1      1605
E
E
I          6      1606
E
E
I         12      1607
E
E
I          8      1608
E
E
I          7      1609
E
E
I          7      1610
E
E
I          1      1611
E
E
I          7      1612
E
E
I         10      1613
E
E
I         11      1614
E
E
I         10      1615
E
E
I          2      1616
E
E
I          6      1617
E
E
I          5      1618
E
E
I         12      1619
E
E
I          8      1620
E
E
I          4      1621
E
E
I          5      1622
E
E
I          5      1623
E
E
I          8      1624
E
E
I          8      1625
E
E
I          9      1626
E
E
I         10      1627
E
E
I          7      1628
E
E
I          6      1629
E
E
I          7      1630
E
E
I          2      1631
E
E
I          7      1632
E
E
I          4      1633
E
E
I          4      1634
E
E
I          8      1635
E
E
I         11      1636
E
E
I          8      1637
E
E
I         12      1638
E
E
I          2      1639
E
E
I         11      1640
E
E
I         10      1641
E
E
I          3      1642
E
E
I          4      1643
E
E
I          6      1644
E
E
I         11      1645
E
E
I         11      1646
E
E
I          5      1647
E
E
I         10      1648
E
E
I          8      1649
E
E
I          8      1650
E
E
I         11      1651
E
E
I         12      1652
E
E
I         11      1653
E
E
I         10      1654
E
E
I          4      1655
E
E
I          8      1656
E
E
I          5      1657
E
E
I          1      1658
E
E
I         11      1659
E
E
I          9      1660
E
E
I          6      1661
E
E
I          2      1662
E
E
I         12      1663
E
E
I          8      1664
E
E
I          3      1665
E
E
I         11      1666
E
E
I         11      1667
E
E
I          3      1668
E
E
I          6      1669
E
E
I          9      1670
E
E
I         10      1671
E
E
I          2      1672
E
E
I         11      1673
E
E
I         12      1674
E
E
I          7      1675
E
E
I          7      1676
E
E
I         12      1677
E
E
I          5      1678
E
E
I         12      1679
E
E
I          5      1680
E
E
I         10      1681
E
E
I         12      1682
E
E
I         11      1683
E
E
I          3      1684
E
E
I          4      1685
E
E
I          8      1686
E
E
I         10      1687
E
E
I          2      1688
E
E
I          9      1689
E
E
I          1      1690
E
E
I         11      1691
E
E
I          5      1692
E
E
I          8      1693
E
E
I          6      1694
E
E
I         11      1695
E
E
I          3      1696
E
E
I          4      1697
E
E
I         12      1698
E
E
I          4      1699
E
E
I          2      1700
E
E
I          5      1701
E
E
I          7      1702
E
E
I          5      1703
E
E
I          9      1704
E
E
I         11      1705
E
E
I          1      1706
E
E
I          7      1707
E
E
I          1      1708
E
E
I         12      1709
E
E
I          2      1710
E
E
I          5      1711
E
E
I          5      1712
E
E
I          7      1713
E
E
I         10      1714
E
E
I          7      1715
E
E
I          8      1716
E
E
I          1      1717
E
E
I         11      1718
E
E
I          1      1719
E
E
I          2      1720
E
E
I          3      1721
E
E
I          3      1722
E
E
I          7      1723
E
E
I          7      1724
E
E
I          1      1725
E
E
I          5      1726
E
E
I          2      1727
E
E
I          4      1728
E
E
I         11      1729
E
E
I          4      1730
E
E
I          6      1731
E
E
I          4      1732
E
E
I          1      1733
E
E
I          2      1734
E
E
I          2      1735
E
E
I          2      1736
E
E
I          1      1737
E
E
I          3      1738
E
E
I          2      1739
E
E
I         10      1740
E
E
I         10      1741
E
E
I          1      1742
E
E
I          7      1743
E
E
I          3      1744
E
E
I          4      1745
E
E
I          4      1746
E
E
I          2      1747
E
E
I          3      1748
E
E
I         11      1749
E
E
I          4      1750
E
E
I          2      1751
E
E
I          4      1752
E
E
I          6      1753
E
E
I          6      1754
E
E
I         12      1755
E
E
I         11      1756
E
E
I          2      1757
E
E
I          5      1758
E
E
I         10      1759
E
E
I         10      1760
E
E
I         11      1761
E
E
I          7      1762
E
E
I          1      1763
E
E
I          3      1764
E
E
I          3      1765
E
E
I          5      1766
E
E
I          5      1767
E
E
I          8      1768
E
E
I         12      1769
E
E
I          4      1770
E
E
I          9      1771
E
E
I          1      1772
E
E
I         12      1773
E
E
I          5      1774
E
E
I          5      1775
E
E
I          2      1776
E
E
I          5      1777
E
E
I          9      1778
E
E
I          9      1779
E
E
I          7      1780
E
E
I          6      1781
E
E
I          6      1782
E
E
I         11      1783
E
E
I          3      1784
E
E
I          4      1785
E
E
I          7      1786
E
E
I         12      1787
E
E
I          4      1788
E
E
I          5      1789
E
E
I          5      1790
E
E
I          2      1791
E
E
I          2      1792
E
E
I          7      1793
E
E
I          3      1794
E
E
I         10      1795
E
E
I          8      1796
E
E
I          7      1797
E
E
I          9      1798
E
E
I          6      1799
E
E
I          6      1800
E
E
I          3      1801
E
E
I          4      1802
E
E
I          9      1803
E
E
I          7      1804
E
E
I         12      1805
E
E
I          1      1806
E
E
I          2      1807
E
E
I          1      1808
E
E
I          8      1809
E
E
I          2      1810
E
E
I          7      1811
E
E
I          9      1812
E
E
I          8      1813
E
E
I          5      1814
E
E
I          9      1815
E
E
I          2      1816
E
E
I          8      1817
E
E
I         12      1818
E
E
I         11      1819
E
E
I          2      1820
E
E
I          4      1821
E
E
I         11      1822
E
E
I          6      1823
E
E
I          5      1824
E
E
I          1      1825
E
E
I          2      1826
E
E
I         11      1827
E
E
I          2      1828
E
E
I         11      1829
E
E
I          8      1830
E
E
I         10      1831
E
E
I          6      1832
E
E
I          9      1833
E
E
I          6      1834
E
E
I          1      1835
E
E
I          9      1836
E
E
I          7      1837
E
E
I          2      1838
E
E
I         10      1839
E
E
I          2      1840
E
E
I          6      1841
E
E
I          8      1842
E
E
I          5      1843
E
E
I          7      1844
E
E
I          7      1845
E
E
I          5      1846
E
E
I         12      1847
E
E
I         12      1848
E
E
I          3      1849
E
E
I         10      1850
E
E
I          9      1851
E
E
I          5      1852
E
E
I          9      1853
E
E
I          2      1854
E
E
I          4      1855
E
E
I          2      1856
E
E
I          5      1857
E
E
I          1      1858
E
E
I         10      1859
E
E
I          4      1860
E
E
I          3      1861
E
E
I         10      1862
E
E
I          4      1863
E
E
I          9      1864
E
E
I          6      1865
E
E
I          5      1866
E
E
I          1      1867
E
E
I          5      1868
E
E
I          9      1869
E
E
I          6      1870
E
E
I          8      1871
E
E
I          1      1872
E
E
I          7      1873
E
E
I         12      1874
E
E
I          8      1875
E
E
I          3      1876
E
E
I          2      1877
E
E
I          4      1878
E
E
I          3      1879
E
E
I         11      1880
E
E
I          2      1881
E
E
I          1      1882
E
E
I          6      1883
E
E
I          9      1884
E
E
I          1      1885
E
E
I         12      1886
E
E
I          8      1887
E
E
I          7      1888
E
E
I         11      1889
E
E
I          4      1890
E
E
I          6      1891
E
E
I          8      1892
E
E
I          6      1893
E
E
I         11      1894
E
E
I          9      1895
E
E
I         12      1896
E
E
I          2      1897
E
E
I         12      1898
E
E
I          9      1899
E
E
I          7      1900
E
E
I          8      1901
E
E
I          9      1902
E
E
I          5      1903
E
E
I          7      1904
E
E
I          7      1905
E
E
I          9      1906
E
E
I          3      1907
E
E
I          8      1908
E
E
I          1      1909
E
E
I          9      1910
E
E
I         12      1911
E
E
I          9      1912
E
E
I         11      1913
E
E
I          3      1914
E
E
I         10      1915
E
E
I          7      1916
E
E
I          4      1917
E
E
I          1      1918
E
E
I          3      1919
E
E
I         10      1920
E
E
I          9      1921
E
E
I          4      1922
E
E
I         10      1923
E
E
I          2      1924
E
E
I         10      1925
E
E
I          8      1926
E
E
I          2      1927
E
E
I          1      1928
E
E
I          5      1929
E
E
I          1      1930
E
E
I         12      1931
E
E
I          3      1932
E
E
I          2      1933
E
E
I          8      1934
E
E
I          4      1935
E
E
I          5      1936
E
E
I          9      1937
E
E
I          6      1938
E
E
I         10      1939
E
E
I         11      1940
E
E
I          6      1941
E
E
I          8      1942
E
E
I          4      1943
E
E
I          6      1944
E
E
I          6      1945
E
E
I          4      1946
E
E
I          2      1947
E
E
I         12      1948
E
E
I          6      1949
E
E
I          2      1950
E
E
I          3      1951
E
E
I          6      1952
E
E
I          2      1953
E
E
I          6      1954
E
E
I         10      1955
E
E
I          1      1956
E
E
I          8      1957
E
E
I          5      1958
E
E
I          4      1959
E
E
I          6      1960
E
E
I          4      1961
E
E
I          3      1962
E
E
I          9      1963
E
E
I         11      1964
E
E
I          6      1965
E
E
I          9      1966
E
E
I          2      1967
E
E
I         10      1968
E
E
I          2      1969
E
E
I         11      1970
E
E
I          4      1971
E
E
I          7      1972
E
E
I          8      1973
E
E
I         12      1974
E
E
I         12      1975
E
E
I          7      1976
E
E
I         10      1977
E
E
I          9      1978
E
E
I          1      1979
E
E
I          5      1980
E
E
I          4      1981
E
E
I          8      1982
E
E
I         12      1983
E
E
I          9      1984
E
E
I          9      1985
E
E
I         11      1986
E
E
I         12      1987
E
E
I         12      1988
E
E
I          8      1989
E
E
I          6      1990
E
E
I          6      1991
E
E
I          8      1992
E
E
I          7      1993
E
E
I         11      1994
E
E
I          8      1995
E
E
I         12      1996
E
E
I          3      1997
E
E
I         12      1998
E
E
I         10      1999
E
E
I          8      2000
E
E
I          3      2001
E
E
I          9      2002
E
E
I          5      2003
E
E
I         12      2004
E
E
I          5      2005
E
E
I         10      2006
E
E
I          4      2007
E
E
I          3      2008
E
E
I          4      2009
E
E
I          8      2010
E
E
I         10      2011
E
E
I          5      2012
E
E
I          4      2013
E
E
I          7      2014
E
E
I          5      2015
E
E
I          1      2016
E
E
I          4      2017
E
E
I         12      2018
E
E
I          4      2019
E
E
I          5      2020
E
E
I         11      2021
E
E
I          2      2022
E
E
I         12      2023
E
E
I          7      2024
E
E
I          6      2025
E
E
I         12      2026
E
E
I          6      2027
E
E
I          7      2028
E
E
I         12      2029
E
E
I          6      2030
E
E
I          4      2031
E
E
I          9      2032
E
E
I          6      2033
E
E
I          1      2034
E
E
I         12      2035
E
E
I          1      2036
E
E
I          7      2037
E
E
I         12      2038
E
E
I          4      2039
E
E
I          2      2040
E
E
I          7      2041
E
E
I          3      2042
E
E
I          1      2043
E
E
I         12      2044
E
E
I          7      2045
E
E
I         11      2046
