huffman_coding 13 23
I          2         0
I          3         1
I          3         2
I          1         3
I          3         4
I          3         5
I          1         6
I          2         7
I          1         8
I          2         9
I          3        10
I          1        11
I          1        12
E
E
I          1        13
E
E
I          2        14
E
E
I          1        15
E
E
I          2        16
E
E
I          3        17
E
E
I          2        18
E
E
I          2        19
E
E
I          1        20
E
E
I          3        21
E
E
I          3        22
E
E
I          3        23
E
E
I          3        24
